<?xml version="1.0" encoding="UTF-8"?>
<!-- Generated by org.testng.reporters.JUnitXMLReporter -->
<testsuite ignored="0" hostname="Kumararaja" failures="0" tests="5" name="Default test" time="20.475" errors="0" timestamp="2025-04-02T18:44:43 IST">
  <testcase classname="api.test.UserTestsWithProperties" name="createUserTest" time="6.317"/>
  <testcase classname="api.test.UserTestsWithProperties" name="getUserTest" time="3.628"/>
  <testcase classname="api.test.UserTestsWithProperties" name="updateUserTest" time="3.58"/>
  <testcase classname="api.test.UserTestsWithProperties" name="getUserTest1" time="3.283"/>
  <testcase classname="api.test.UserTestsWithProperties" name="deleteUserTest" time="3.326"/>
</testsuite> <!-- Default test -->
